<?xml version="1.0" encoding="UTF-8"?>
<!-- Generated by org.testng.reporters.JUnitXMLReporter -->
<testsuite ignored="0" hostname="LAPTOP-N6849G24" failures="0" tests="3" name="Default test" time="54.875" errors="0" timestamp="2023-07-18T18:56:14 IST">
  <testcase classname="tests.Assignment3" name="clickOnForms" time="0.126"/>
  <testcase classname="tests.Assignment3" name="clickOnPractice" time="0.083"/>
  <testcase classname="tests.Assignment3" name="enterData" time="0.692"/>
</testsuite> <!-- Default test -->
