<?xml version="1.0" encoding="UTF-8"?>
<testng-results ignored="0" total="1" passed="1" failed="0" skipped="0">
  <reporter-output>
  </reporter-output>
  <suite started-at="2023-07-18T18:56:30 IST" name="Assignment3_RegressionSuite" finished-at="2023-07-18T18:57:07 IST" duration-ms="36872">
    <groups>
      <group name="regression">
        <method signature="Assignment3.enterData()[pri:0, instance:tests.Assignment3@7ef82753]" name="enterData" class="tests.Assignment3"/>
      </group> <!-- regression -->
    </groups>
    <test started-at="2023-07-18T18:56:30 IST" name="tests1" finished-at="2023-07-18T18:57:07 IST" duration-ms="36872">
      <class name="tests.Assignment3">
        <test-method is-config="true" signature="launchbrowser()[pri:0, instance:tests.Assignment3@7ef82753]" started-at="2023-07-18T18:56:30 IST" name="launchbrowser" finished-at="2023-07-18T18:56:45 IST" duration-ms="15456" status="PASS">
          <reporter-output>
          </reporter-output>
        </test-method> <!-- launchbrowser -->
        <test-method is-config="true" signature="launchbrowser()[pri:0, instance:tests.Assignment3@7ef82753]" started-at="2023-07-18T18:56:45 IST" name="launchbrowser" finished-at="2023-07-18T18:57:06 IST" duration-ms="20758" status="PASS">
          <reporter-output>
          </reporter-output>
        </test-method> <!-- launchbrowser -->
        <test-method signature="enterData()[pri:0, instance:tests.Assignment3@7ef82753]" started-at="2023-07-18T18:57:06 IST" name="enterData" finished-at="2023-07-18T18:57:07 IST" duration-ms="553" status="PASS">
          <reporter-output>
          </reporter-output>
        </test-method> <!-- enterData -->
      </class> <!-- tests.Assignment3 -->
    </test> <!-- tests1 -->
  </suite> <!-- Assignment3_RegressionSuite -->
</testng-results>
