<?xml version="1.0" encoding="UTF-8"?>
<!-- Generated by org.testng.reporters.JUnitXMLReporter -->
<testsuite ignored="1" hostname="LAPTOP-N6849G24" failures="0" tests="2" name="Regression" time="24.108" errors="0" timestamp="2023-07-14T17:52:13 IST">
  <testcase classname="tests.Assignment3" name="clickOnForms" time="0.109"/>
  <testcase classname="tests.Assignment3" name="clickOnPractice" time="0.076"/>
  <testcase classname="tests.Assignment3" name="enterData" time="0.0">
    <ignored/>
  </testcase> <!-- enterData -->
</testsuite> <!-- Regression -->
