<?xml version="1.0" encoding="UTF-8"?>
<!-- Generated by org.testng.reporters.JUnitXMLReporter -->
<testsuite ignored="2" hostname="LAPTOP-N6849G24" failures="0" tests="1" name="tests1" time="36.872" errors="0" timestamp="2023-07-18T18:57:07 IST">
  <testcase classname="tests.Assignment3" name="enterData" time="0.553"/>
  <testcase classname="tests.Assignment3" name="clickOnForms" time="0.0">
    <ignored/>
  </testcase> <!-- clickOnForms -->
  <testcase classname="tests.Assignment3" name="clickOnPractice" time="0.0">
    <ignored/>
  </testcase> <!-- clickOnPractice -->
</testsuite> <!-- tests1 -->
